<?xml version='1.0' encoding='UTF-8'?>
<testsuite hostname="DESKTOP-FVUFN3Q" name="computerdatabase.MySimulation" tests="1" errors="0" failures="0" skipped="0" time="30603.824" timestamp="2024-08-12T12:58:08">
          <properties>
      <property name="java.specification.version" value="22"/><property name="sun.jnu.encoding" value="UTF-8"/><property name="sun.arch.data.model" value="64"/><property name="java.vendor.url" value="https://github.com/Homebrew/homebrew-core/issues"/><property name="sun.boot.library.path" value="/home/linuxbrew/.linuxbrew/Cellar/openjdk/22.0.2/libexec/lib"/><property name="sun.java.command" value="/home/linuxbrew/.linuxbrew/Cellar/sbt/1.10.1/libexec/bin/sbt-launch.jar Gatling/test"/><property name="jdk.debug" value="release"/><property name="java.specification.vendor" value="Oracle Corporation"/><property name="java.version.date" value="2024-07-16"/><property name="java.home" value="/home/linuxbrew/.linuxbrew/Cellar/openjdk/22.0.2/libexec"/><property name="file.separator" value="/"/><property name="java.vm.compressedOopsMode" value="32-bit"/><property name="line.separator" value="
"/><property name="java.vm.specification.vendor" value="Oracle Corporation"/><property name="java.specification.name" value="Java Platform API Specification"/><property name="sun.management.compiler" value="HotSpot 64-Bit Tiered Compilers"/><property name="java.runtime.version" value="22.0.2"/><property name="user.name" value="thor"/><property name="log4j.ignoreTCL" value="true"/><property name="file.encoding" value="UTF-8"/><property name="jnidispatch.path" value="/home/thor/.cache/JNA/temp/jna14517640155987254120.tmp"/><property name="java.vendor.version" value="Homebrew"/><property name="jna.loaded" value="true"/><property name="java.io.tmpdir" value="/tmp"/><property name="java.version" value="22.0.2"/><property name="java.vm.specification.name" value="Java Virtual Machine Specification"/><property name="native.encoding" value="UTF-8"/><property name="java.library.path" value="/usr/java/packages/lib:/usr/lib64:/lib64:/lib:/usr/lib"/><property name="stderr.encoding" value="UTF-8"/><property name="java.vendor" value="Homebrew"/><property name="scala.ext.dirs" value="/home/thor/.sbt/1.0/java9-rt-ext-homebrew_22_0_2"/><property name="sun.io.unicode.encoding" value="UnicodeLittle"/><property name="java.class.path" value="/home/linuxbrew/.linuxbrew/Cellar/sbt/1.10.1/libexec/bin/sbt-launch.jar"/><property name="java.vm.vendor" value="Homebrew"/><property name="jline.shutdownhook" value="false"/><property name="user.timezone" value="Asia/Calcutta"/><property name="java.vm.specification.version" value="22"/><property name="os.name" value="Linux"/><property name="sun.java.launcher" value="SUN_STANDARD"/><property name="sun.cpu.endian" value="little"/><property name="user.home" value="/home/thor"/><property name="user.language" value="en"/><property name="sbt.script" value="/home/linuxbrew/.linuxbrew/Cellar/sbt/1.10.1/libexec/bin/sbt"/><property name="sbt.ipcsocket.tmpdir" value="/run/user/1000/.sbtefb86fbc/ipcsocket"/><property name="swoval.tmpdir" value="/run/user/1000/.sbtefb86fbc/swoval"/><property name="jline.esc.timeout" value="0"/><property name="stdout.encoding" value="UTF-8"/><property name="path.separator" value=":"/><property name="os.version" value="5.15.153.1-microsoft-standard-WSL2"/><property name="jna.nosys" value="true"/><property name="java.runtime.name" value="OpenJDK Runtime Environment"/><property name="java.vm.name" value="OpenJDK 64-Bit Server VM"/><property name="jna.platform.library.path" value="/usr/lib/x86_64-linux-gnu:/lib/x86_64-linux-gnu:/usr/lib64:/lib64:/usr/lib:/lib:/usr/lib/x86_64-linux-gnu/libfakeroot:/usr/lib/wsl/lib"/><property name="java.vendor.url.bug" value="https://github.com/Homebrew/homebrew-core/issues"/><property name="user.dir" value="/mnt/c/Users/Cyntexa/Documents/Gatling"/><property name="os.arch" value="amd64"/><property name="java.vm.info" value="mixed mode, sharing"/><property name="java.vm.version" value="22.0.2"/><property name="java.class.version" value="66.0"/>
    </properties>
          <testcase classname="computerdatabase.MySimulation" name="" time="30603.824">
                      
                    </testcase>
          <system-out><![CDATA[]]></system-out>
          <system-err><![CDATA[]]></system-err>
        </testsuite>